app/build/intermediates/manifest_merge_blame_file/debug/manifest-merger-blame-debug-report.txt
1<?xml version="1.0" encoding="utf-8"?>
2<manifest xmlns:android="http://schemas.android.com/apk/res/android"
3    package="com.example.page_number_01"
4    android:versionCode="1"
5    android:versionName="1.0" >
6
7    <uses-sdk
8        android:minSdkVersion="19"
8-->src\main\AndroidManifest.xml
9        android:targetSdkVersion="32" />
9-->src\main\AndroidManifest.xml
10    <!-- add internet permission -->
11    <uses-permission android:name="android.permission.INTERNET" />
11-->src\main\AndroidManifest.xml:6:5-67
11-->src\main\AndroidManifest.xml:6:22-64
12
13    <!-- Include required permissions for Google Maps API to run. -->
14    <uses-permission android:name="android.permission.ACCESS_NETWORK_STATE" />
14-->[com.google.android.gms:play-services-maps:17.0.1] AndroidManifest.xml:23:5-79
14-->[com.google.android.gms:play-services-maps:17.0.1] AndroidManifest.xml:23:22-76
15
16    <uses-feature
16-->[com.google.android.gms:play-services-maps:17.0.1] AndroidManifest.xml:26:5-28:35
17        android:glEsVersion="0x00020000"
17-->[com.google.android.gms:play-services-maps:17.0.1] AndroidManifest.xml:27:9-41
18        android:required="true" />
18-->[com.google.android.gms:play-services-maps:17.0.1] AndroidManifest.xml:28:9-32
19
20    <queries>
20-->[com.google.android.gms:play-services-maps:17.0.1] AndroidManifest.xml:30:5-34:15
21
22        <!-- Needs to be explicitly declared on Android R+ -->
23        <package android:name="com.google.android.apps.maps" />
23-->[com.google.android.gms:play-services-maps:17.0.1] AndroidManifest.xml:33:9-64
23-->[com.google.android.gms:play-services-maps:17.0.1] AndroidManifest.xml:33:18-61
24    </queries>
25
26    <uses-permission android:name="android.permission.WAKE_LOCK" /> <!-- Required by older versions of Google Play services to create IID tokens -->
26-->[com.google.android.gms:play-services-measurement-api:17.2.2] AndroidManifest.xml:24:5-68
26-->[com.google.android.gms:play-services-measurement-api:17.2.2] AndroidManifest.xml:24:22-65
27    <uses-permission android:name="com.google.android.c2dm.permission.RECEIVE" />
27-->[com.google.firebase:firebase-iid:20.0.2] AndroidManifest.xml:26:5-82
27-->[com.google.firebase:firebase-iid:20.0.2] AndroidManifest.xml:26:22-79
28    <uses-permission android:name="com.google.android.finsky.permission.BIND_GET_INSTALL_REFERRER_SERVICE" />
28-->[com.google.android.gms:play-services-measurement:17.2.2] AndroidManifest.xml:26:5-110
28-->[com.google.android.gms:play-services-measurement:17.2.2] AndroidManifest.xml:26:22-107
29
30    <application
30-->src\main\AndroidManifest.xml:8:5-148:19
31        android:allowBackup="true"
31-->src\main\AndroidManifest.xml:9:9-35
32        android:appComponentFactory="androidx.core.app.CoreComponentFactory"
32-->[androidx.core:core:1.7.0] AndroidManifest.xml:24:18-86
33        android:dataExtractionRules="@xml/data_extraction_rules"
33-->src\main\AndroidManifest.xml:10:9-65
34        android:debuggable="true"
35        android:fullBackupContent="@xml/backup_rules"
35-->src\main\AndroidManifest.xml:11:9-54
36        android:icon="@mipmap/ic_launcher"
36-->src\main\AndroidManifest.xml:12:9-43
37        android:label="@string/app_name"
37-->src\main\AndroidManifest.xml:13:9-41
38        android:roundIcon="@mipmap/ic_launcher_round"
38-->src\main\AndroidManifest.xml:14:9-54
39        android:supportsRtl="true"
39-->src\main\AndroidManifest.xml:15:9-35
40        android:testOnly="true"
41        android:theme="@style/Theme.Page_number_01" >
41-->src\main\AndroidManifest.xml:16:9-52
42        <activity
42-->src\main\AndroidManifest.xml:18:9-20:40
43            android:name="com.example.page_number_01.Review_page"
43-->src\main\AndroidManifest.xml:19:13-40
44            android:exported="false" />
44-->src\main\AndroidManifest.xml:20:13-37
45        <activity
45-->src\main\AndroidManifest.xml:21:9-23:40
46            android:name="com.example.page_number_01.final_msg_screen"
46-->src\main\AndroidManifest.xml:22:13-45
47            android:exported="false" />
47-->src\main\AndroidManifest.xml:23:13-37
48        <activity
48-->src\main\AndroidManifest.xml:24:9-26:40
49            android:name="com.example.page_number_01.final_message"
49-->src\main\AndroidManifest.xml:25:13-42
50            android:exported="false" />
50-->src\main\AndroidManifest.xml:26:13-37
51        <activity
51-->src\main\AndroidManifest.xml:27:9-29:40
52            android:name="com.example.page_number_01.About_page"
52-->src\main\AndroidManifest.xml:28:13-39
53            android:exported="false" />
53-->src\main\AndroidManifest.xml:29:13-37
54        <activity
54-->src\main\AndroidManifest.xml:30:9-32:40
55            android:name="com.example.page_number_01.Just_for_fun"
55-->src\main\AndroidManifest.xml:31:13-41
56            android:exported="false" />
56-->src\main\AndroidManifest.xml:32:13-37
57        <activity
57-->src\main\AndroidManifest.xml:33:9-35:40
58            android:name="com.example.page_number_01.booking_details_revisited"
58-->src\main\AndroidManifest.xml:34:13-54
59            android:exported="false" />
59-->src\main\AndroidManifest.xml:35:13-37
60        <activity
60-->src\main\AndroidManifest.xml:36:9-38:40
61            android:name="com.example.page_number_01.conformation_message_for_button_1"
61-->src\main\AndroidManifest.xml:37:13-62
62            android:exported="false" />
62-->src\main\AndroidManifest.xml:38:13-37
63        <activity
63-->src\main\AndroidManifest.xml:39:9-41:40
64            android:name="com.example.page_number_01.booking_page_for_button_01"
64-->src\main\AndroidManifest.xml:40:13-55
65            android:exported="false" />
65-->src\main\AndroidManifest.xml:41:13-37
66        <activity
66-->src\main\AndroidManifest.xml:42:9-44:40
67            android:name="com.example.page_number_01.Menu_after_clicking_button01_number_04"
67-->src\main\AndroidManifest.xml:43:13-67
68            android:exported="false" />
68-->src\main\AndroidManifest.xml:44:13-37
69        <activity
69-->src\main\AndroidManifest.xml:45:9-47:40
70            android:name="com.example.page_number_01.Menu_after_clicking_button01_number_03"
70-->src\main\AndroidManifest.xml:46:13-67
71            android:exported="false" />
71-->src\main\AndroidManifest.xml:47:13-37
72        <activity
72-->src\main\AndroidManifest.xml:48:9-50:40
73            android:name="com.example.page_number_01.Menu_after_clicking_button01_number_02"
73-->src\main\AndroidManifest.xml:49:13-67
74            android:exported="false" />
74-->src\main\AndroidManifest.xml:50:13-37
75        <activity
75-->src\main\AndroidManifest.xml:51:9-53:40
76            android:name="com.example.page_number_01.Menu_after_clicking_button_01"
76-->src\main\AndroidManifest.xml:52:13-58
77            android:exported="false" />
77-->src\main\AndroidManifest.xml:53:13-37
78        <activity
78-->src\main\AndroidManifest.xml:54:9-56:40
79            android:name="com.example.page_number_01.Clicking_on_Button_18"
79-->src\main\AndroidManifest.xml:55:13-50
80            android:exported="false" />
80-->src\main\AndroidManifest.xml:56:13-37
81        <activity
81-->src\main\AndroidManifest.xml:57:9-59:40
82            android:name="com.example.page_number_01.Clicking_on_Button_17"
82-->src\main\AndroidManifest.xml:58:13-50
83            android:exported="false" />
83-->src\main\AndroidManifest.xml:59:13-37
84        <activity
84-->src\main\AndroidManifest.xml:60:9-62:40
85            android:name="com.example.page_number_01.Clicking_on_Button_16"
85-->src\main\AndroidManifest.xml:61:13-50
86            android:exported="false" />
86-->src\main\AndroidManifest.xml:62:13-37
87        <activity
87-->src\main\AndroidManifest.xml:63:9-65:40
88            android:name="com.example.page_number_01.Clicking_on_Button_15"
88-->src\main\AndroidManifest.xml:64:13-50
89            android:exported="false" />
89-->src\main\AndroidManifest.xml:65:13-37
90        <activity
90-->src\main\AndroidManifest.xml:66:9-68:40
91            android:name="com.example.page_number_01.Clicking_on_Button_14"
91-->src\main\AndroidManifest.xml:67:13-50
92            android:exported="false" />
92-->src\main\AndroidManifest.xml:68:13-37
93        <activity
93-->src\main\AndroidManifest.xml:69:9-71:40
94            android:name="com.example.page_number_01.Clicking_on_Button_13"
94-->src\main\AndroidManifest.xml:70:13-50
95            android:exported="false" />
95-->src\main\AndroidManifest.xml:71:13-37
96        <activity
96-->src\main\AndroidManifest.xml:72:9-74:40
97            android:name="com.example.page_number_01.Clicking_on_Button_12"
97-->src\main\AndroidManifest.xml:73:13-50
98            android:exported="false" />
98-->src\main\AndroidManifest.xml:74:13-37
99        <activity
99-->src\main\AndroidManifest.xml:75:9-77:40
100            android:name="com.example.page_number_01.Clicking_on_Button_11"
100-->src\main\AndroidManifest.xml:76:13-50
101            android:exported="false" />
101-->src\main\AndroidManifest.xml:77:13-37
102        <activity
102-->src\main\AndroidManifest.xml:78:9-80:40
103            android:name="com.example.page_number_01.Clicking_on_Button_10"
103-->src\main\AndroidManifest.xml:79:13-50
104            android:exported="false" />
104-->src\main\AndroidManifest.xml:80:13-37
105        <activity
105-->src\main\AndroidManifest.xml:81:9-83:40
106            android:name="com.example.page_number_01.Clicking_on_Button_09"
106-->src\main\AndroidManifest.xml:82:13-50
107            android:exported="false" />
107-->src\main\AndroidManifest.xml:83:13-37
108        <activity
108-->src\main\AndroidManifest.xml:84:9-86:40
109            android:name="com.example.page_number_01.Clicking_on_Button_08"
109-->src\main\AndroidManifest.xml:85:13-50
110            android:exported="false" />
110-->src\main\AndroidManifest.xml:86:13-37
111        <activity
111-->src\main\AndroidManifest.xml:87:9-89:40
112            android:name="com.example.page_number_01.Clicking_on_Button_07"
112-->src\main\AndroidManifest.xml:88:13-50
113            android:exported="false" />
113-->src\main\AndroidManifest.xml:89:13-37
114        <activity
114-->src\main\AndroidManifest.xml:90:9-92:40
115            android:name="com.example.page_number_01.Clicking_on_Button_06"
115-->src\main\AndroidManifest.xml:91:13-50
116            android:exported="false" />
116-->src\main\AndroidManifest.xml:92:13-37
117        <activity
117-->src\main\AndroidManifest.xml:93:9-95:40
118            android:name="com.example.page_number_01.Clicking_on_Button_05"
118-->src\main\AndroidManifest.xml:94:13-50
119            android:exported="false" />
119-->src\main\AndroidManifest.xml:95:13-37
120        <activity
120-->src\main\AndroidManifest.xml:96:9-98:40
121            android:name="com.example.page_number_01.Clicking_on_Button_04"
121-->src\main\AndroidManifest.xml:97:13-50
122            android:exported="false" />
122-->src\main\AndroidManifest.xml:98:13-37
123        <activity
123-->src\main\AndroidManifest.xml:99:9-101:40
124            android:name="com.example.page_number_01.Clicking_on_Button_03"
124-->src\main\AndroidManifest.xml:100:13-50
125            android:exported="false" />
125-->src\main\AndroidManifest.xml:101:13-37
126        <activity
126-->src\main\AndroidManifest.xml:102:9-104:40
127            android:name="com.example.page_number_01.Clicking_on_Button_02"
127-->src\main\AndroidManifest.xml:103:13-50
128            android:exported="false" />
128-->src\main\AndroidManifest.xml:104:13-37
129        <activity
129-->src\main\AndroidManifest.xml:105:9-107:40
130            android:name="com.example.page_number_01.Clicking_on_Button_01"
130-->src\main\AndroidManifest.xml:106:13-50
131            android:exported="false" />
131-->src\main\AndroidManifest.xml:107:13-37
132        <activity
132-->src\main\AndroidManifest.xml:108:9-110:40
133            android:name="com.example.page_number_01.Scroll_view_restaurant_near_by_location"
133-->src\main\AndroidManifest.xml:109:13-68
134            android:exported="false" />
134-->src\main\AndroidManifest.xml:110:13-37
135        <activity
135-->src\main\AndroidManifest.xml:111:9-113:40
136            android:name="com.example.page_number_01.restaurant_near_by_locat"
136-->src\main\AndroidManifest.xml:112:13-53
137            android:exported="false" /> <!-- <activity -->
137-->src\main\AndroidManifest.xml:113:13-37
138        <!-- android:name=".restaurant_near_by_location" -->
139        <!-- android:exported="false" -->
140        <!-- android:label="@string/title_activity_restaurant_near_by_location" -->
141        <!-- android:theme="@style/Theme.Page_number_01.NoActionBar" /> -->
142        <activity
142-->src\main\AndroidManifest.xml:118:9-120:40
143            android:name="com.example.page_number_01.RestaurantOwnerSignUpPageNumber02"
143-->src\main\AndroidManifest.xml:119:13-62
144            android:exported="false" />
144-->src\main\AndroidManifest.xml:120:13-37
145        <activity
145-->src\main\AndroidManifest.xml:121:9-123:40
146            android:name="com.example.page_number_01.RestaurantOwnerSignUpPageNumber01"
146-->src\main\AndroidManifest.xml:122:13-62
147            android:exported="false" />
147-->src\main\AndroidManifest.xml:123:13-37
148        <activity
148-->src\main\AndroidManifest.xml:124:9-126:40
149            android:name="com.example.page_number_01.RestaurantOwnerLoginPage"
149-->src\main\AndroidManifest.xml:125:13-53
150            android:exported="false" />
150-->src\main\AndroidManifest.xml:126:13-37
151        <activity
151-->src\main\AndroidManifest.xml:127:9-129:40
152            android:name="com.example.page_number_01.UserSignInPage"
152-->src\main\AndroidManifest.xml:128:13-43
153            android:exported="false" />
153-->src\main\AndroidManifest.xml:129:13-37
154        <activity
154-->src\main\AndroidManifest.xml:130:9-132:40
155            android:name="com.example.page_number_01.UserLogInPage"
155-->src\main\AndroidManifest.xml:131:13-42
156            android:exported="false" />
156-->src\main\AndroidManifest.xml:132:13-37
157        <activity
157-->src\main\AndroidManifest.xml:133:9-135:40
158            android:name="com.example.page_number_01.PageNumber02"
158-->src\main\AndroidManifest.xml:134:13-41
159            android:exported="false" />
159-->src\main\AndroidManifest.xml:135:13-37
160        <activity
160-->src\main\AndroidManifest.xml:136:9-138:40
161            android:name="com.example.page_number_01.Page_number_02"
161-->src\main\AndroidManifest.xml:137:13-43
162            android:exported="false" />
162-->src\main\AndroidManifest.xml:138:13-37
163        <activity
163-->src\main\AndroidManifest.xml:139:9-147:20
164            android:name="com.example.page_number_01.MainActivity"
164-->src\main\AndroidManifest.xml:140:13-41
165            android:exported="true" >
165-->src\main\AndroidManifest.xml:141:13-36
166            <intent-filter>
166-->src\main\AndroidManifest.xml:142:13-146:29
167                <action android:name="android.intent.action.MAIN" />
167-->src\main\AndroidManifest.xml:143:17-69
167-->src\main\AndroidManifest.xml:143:25-66
168
169                <category android:name="android.intent.category.LAUNCHER" />
169-->src\main\AndroidManifest.xml:145:17-77
169-->src\main\AndroidManifest.xml:145:27-74
170            </intent-filter>
171        </activity>
172        <activity
172-->[com.google.firebase:firebase-auth:19.2.0] AndroidManifest.xml:24:9-31:50
173            android:name="com.google.firebase.auth.internal.FederatedSignInActivity"
173-->[com.google.firebase:firebase-auth:19.2.0] AndroidManifest.xml:25:13-85
174            android:excludeFromRecents="true"
174-->[com.google.firebase:firebase-auth:19.2.0] AndroidManifest.xml:26:13-46
175            android:exported="true"
175-->[com.google.firebase:firebase-auth:19.2.0] AndroidManifest.xml:27:13-36
176            android:launchMode="singleTask"
176-->[com.google.firebase:firebase-auth:19.2.0] AndroidManifest.xml:28:13-44
177            android:permission="com.google.firebase.auth.api.gms.permission.LAUNCH_FEDERATED_SIGN_IN"
177-->[com.google.firebase:firebase-auth:19.2.0] AndroidManifest.xml:29:13-102
178            android:theme="@android:style/Theme.Translucent.NoTitleBar" />
178-->[com.google.firebase:firebase-auth:19.2.0] AndroidManifest.xml:30:13-72
179
180        <service
180-->[com.google.firebase:firebase-auth:19.2.0] AndroidManifest.xml:33:9-39:19
181            android:name="com.google.firebase.components.ComponentDiscoveryService"
181-->[com.google.firebase:firebase-auth:19.2.0] AndroidManifest.xml:34:13-84
182            android:directBootAware="true"
182-->[com.google.firebase:firebase-common:19.3.0] AndroidManifest.xml:34:13-43
183            android:exported="false" >
183-->[com.google.firebase:firebase-auth:19.2.0] AndroidManifest.xml:35:13-37
184            <meta-data
184-->[com.google.firebase:firebase-auth:19.2.0] AndroidManifest.xml:36:13-38:85
185                android:name="com.google.firebase.components:com.google.firebase.auth.FirebaseAuthRegistrar"
185-->[com.google.firebase:firebase-auth:19.2.0] AndroidManifest.xml:37:17-109
186                android:value="com.google.firebase.components.ComponentRegistrar" />
186-->[com.google.firebase:firebase-auth:19.2.0] AndroidManifest.xml:38:17-82
187            <meta-data
187-->[com.google.android.gms:play-services-measurement-api:17.2.2] AndroidManifest.xml:30:13-32:85
188                android:name="com.google.firebase.components:com.google.firebase.analytics.connector.internal.AnalyticsConnectorRegistrar"
188-->[com.google.android.gms:play-services-measurement-api:17.2.2] AndroidManifest.xml:31:17-139
189                android:value="com.google.firebase.components.ComponentRegistrar" />
189-->[com.google.android.gms:play-services-measurement-api:17.2.2] AndroidManifest.xml:32:17-82
190            <meta-data
190-->[com.google.firebase:firebase-iid:20.0.2] AndroidManifest.xml:32:13-34:85
191                android:name="com.google.firebase.components:com.google.firebase.iid.Registrar"
191-->[com.google.firebase:firebase-iid:20.0.2] AndroidManifest.xml:33:17-96
192                android:value="com.google.firebase.components.ComponentRegistrar" />
192-->[com.google.firebase:firebase-iid:20.0.2] AndroidManifest.xml:34:17-82
193        </service> <!-- Needs to be explicitly declared on P+ -->
194        <uses-library
194-->[com.google.android.gms:play-services-maps:17.0.1] AndroidManifest.xml:39:9-41:40
195            android:name="org.apache.http.legacy"
195-->[com.google.android.gms:play-services-maps:17.0.1] AndroidManifest.xml:40:13-50
196            android:required="false" />
196-->[com.google.android.gms:play-services-maps:17.0.1] AndroidManifest.xml:41:13-37
197
198        <receiver
198-->[com.google.firebase:firebase-iid:20.0.2] AndroidManifest.xml:37:9-44:20
199            android:name="com.google.firebase.iid.FirebaseInstanceIdReceiver"
199-->[com.google.firebase:firebase-iid:20.0.2] AndroidManifest.xml:38:13-78
200            android:exported="true"
200-->[com.google.firebase:firebase-iid:20.0.2] AndroidManifest.xml:39:13-36
201            android:permission="com.google.android.c2dm.permission.SEND" >
201-->[com.google.firebase:firebase-iid:20.0.2] AndroidManifest.xml:40:13-73
202            <intent-filter>
202-->[com.google.firebase:firebase-iid:20.0.2] AndroidManifest.xml:41:13-43:29
203                <action android:name="com.google.android.c2dm.intent.RECEIVE" />
203-->[com.google.firebase:firebase-iid:20.0.2] AndroidManifest.xml:42:17-81
203-->[com.google.firebase:firebase-iid:20.0.2] AndroidManifest.xml:42:25-78
204            </intent-filter>
205        </receiver>
206
207        <activity
207-->[com.google.android.gms:play-services-base:17.1.0] AndroidManifest.xml:23:9-26:75
208            android:name="com.google.android.gms.common.api.GoogleApiActivity"
208-->[com.google.android.gms:play-services-base:17.1.0] AndroidManifest.xml:24:13-79
209            android:exported="false"
209-->[com.google.android.gms:play-services-base:17.1.0] AndroidManifest.xml:25:13-37
210            android:theme="@android:style/Theme.Translucent.NoTitleBar" />
210-->[com.google.android.gms:play-services-base:17.1.0] AndroidManifest.xml:26:13-72
211
212        <receiver
212-->[com.google.android.gms:play-services-measurement:17.2.2] AndroidManifest.xml:29:9-33:20
213            android:name="com.google.android.gms.measurement.AppMeasurementReceiver"
213-->[com.google.android.gms:play-services-measurement:17.2.2] AndroidManifest.xml:30:13-85
214            android:enabled="true"
214-->[com.google.android.gms:play-services-measurement:17.2.2] AndroidManifest.xml:31:13-35
215            android:exported="false" >
215-->[com.google.android.gms:play-services-measurement:17.2.2] AndroidManifest.xml:32:13-37
216        </receiver>
217        <receiver
217-->[com.google.android.gms:play-services-measurement:17.2.2] AndroidManifest.xml:34:9-42:20
218            android:name="com.google.android.gms.measurement.AppMeasurementInstallReferrerReceiver"
218-->[com.google.android.gms:play-services-measurement:17.2.2] AndroidManifest.xml:35:13-100
219            android:enabled="true"
219-->[com.google.android.gms:play-services-measurement:17.2.2] AndroidManifest.xml:36:13-35
220            android:exported="true"
220-->[com.google.android.gms:play-services-measurement:17.2.2] AndroidManifest.xml:37:13-36
221            android:permission="android.permission.INSTALL_PACKAGES" >
221-->[com.google.android.gms:play-services-measurement:17.2.2] AndroidManifest.xml:38:13-69
222            <intent-filter>
222-->[com.google.android.gms:play-services-measurement:17.2.2] AndroidManifest.xml:39:13-41:29
223                <action android:name="com.android.vending.INSTALL_REFERRER" />
223-->[com.google.android.gms:play-services-measurement:17.2.2] AndroidManifest.xml:40:17-79
223-->[com.google.android.gms:play-services-measurement:17.2.2] AndroidManifest.xml:40:25-76
224            </intent-filter>
225        </receiver>
226
227        <service
227-->[com.google.android.gms:play-services-measurement:17.2.2] AndroidManifest.xml:44:9-47:40
228            android:name="com.google.android.gms.measurement.AppMeasurementService"
228-->[com.google.android.gms:play-services-measurement:17.2.2] AndroidManifest.xml:45:13-84
229            android:enabled="true"
229-->[com.google.android.gms:play-services-measurement:17.2.2] AndroidManifest.xml:46:13-35
230            android:exported="false" />
230-->[com.google.android.gms:play-services-measurement:17.2.2] AndroidManifest.xml:47:13-37
231        <service
231-->[com.google.android.gms:play-services-measurement:17.2.2] AndroidManifest.xml:48:9-52:72
232            android:name="com.google.android.gms.measurement.AppMeasurementJobService"
232-->[com.google.android.gms:play-services-measurement:17.2.2] AndroidManifest.xml:49:13-87
233            android:enabled="true"
233-->[com.google.android.gms:play-services-measurement:17.2.2] AndroidManifest.xml:50:13-35
234            android:exported="false"
234-->[com.google.android.gms:play-services-measurement:17.2.2] AndroidManifest.xml:51:13-37
235            android:permission="android.permission.BIND_JOB_SERVICE" />
235-->[com.google.android.gms:play-services-measurement:17.2.2] AndroidManifest.xml:52:13-69
236
237        <provider
237-->[com.google.firebase:firebase-common:19.3.0] AndroidManifest.xml:26:9-30:39
238            android:name="com.google.firebase.provider.FirebaseInitProvider"
238-->[com.google.firebase:firebase-common:19.3.0] AndroidManifest.xml:27:13-77
239            android:authorities="com.example.page_number_01.firebaseinitprovider"
239-->[com.google.firebase:firebase-common:19.3.0] AndroidManifest.xml:28:13-72
240            android:exported="false"
240-->[com.google.firebase:firebase-common:19.3.0] AndroidManifest.xml:29:13-37
241            android:initOrder="100" />
241-->[com.google.firebase:firebase-common:19.3.0] AndroidManifest.xml:30:13-36
242
243        <meta-data
243-->[com.google.android.gms:play-services-basement:17.0.0] AndroidManifest.xml:23:9-25:69
244            android:name="com.google.android.gms.version"
244-->[com.google.android.gms:play-services-basement:17.0.0] AndroidManifest.xml:24:13-58
245            android:value="@integer/google_play_services_version" />
245-->[com.google.android.gms:play-services-basement:17.0.0] AndroidManifest.xml:25:13-66
246
247        <provider
247-->[androidx.emoji2:emoji2:1.0.0] AndroidManifest.xml:26:9-34:20
248            android:name="androidx.startup.InitializationProvider"
248-->[androidx.emoji2:emoji2:1.0.0] AndroidManifest.xml:27:13-67
249            android:authorities="com.example.page_number_01.androidx-startup"
249-->[androidx.emoji2:emoji2:1.0.0] AndroidManifest.xml:28:13-68
250            android:exported="false" >
250-->[androidx.emoji2:emoji2:1.0.0] AndroidManifest.xml:29:13-37
251            <meta-data
251-->[androidx.emoji2:emoji2:1.0.0] AndroidManifest.xml:31:13-33:52
252                android:name="androidx.emoji2.text.EmojiCompatInitializer"
252-->[androidx.emoji2:emoji2:1.0.0] AndroidManifest.xml:32:17-75
253                android:value="androidx.startup" />
253-->[androidx.emoji2:emoji2:1.0.0] AndroidManifest.xml:33:17-49
254            <meta-data
254-->[androidx.lifecycle:lifecycle-process:2.4.0] AndroidManifest.xml:31:13-33:52
255                android:name="androidx.lifecycle.ProcessLifecycleInitializer"
255-->[androidx.lifecycle:lifecycle-process:2.4.0] AndroidManifest.xml:32:17-78
256                android:value="androidx.startup" />
256-->[androidx.lifecycle:lifecycle-process:2.4.0] AndroidManifest.xml:33:17-49
257        </provider>
258    </application>
259
260</manifest>